2023-08-17 23:36:19.379  INFO 17880 --- [restartedMain] c.s.ecommerce.EcommerceApplication       : Starting EcommerceApplication using Java 19.0.1 on Laptop-Narek with PID 17880 (C:\Users\user\Desktop\ecommerce\target\classes started by user in C:\Users\user\Desktop\ecommerce)
2023-08-17 23:36:19.389  INFO 17880 --- [restartedMain] c.s.ecommerce.EcommerceApplication       : No active profile set, falling back to 1 default profile: "default"
2023-08-17 23:36:19.521  INFO 17880 --- [restartedMain] .e.DevToolsPropertyDefaultsPostProcessor : Devtools property defaults active! Set 'spring.devtools.add-properties' to 'false' to disable
2023-08-17 23:36:19.523  INFO 17880 --- [restartedMain] .e.DevToolsPropertyDefaultsPostProcessor : For additional web related logging consider setting the 'logging.level.web' property to 'DEBUG'
2023-08-17 23:36:22.672  INFO 17880 --- [restartedMain] .s.d.r.c.RepositoryConfigurationDelegate : Bootstrapping Spring Data JPA repositories in DEFAULT mode.
2023-08-17 23:36:22.789  INFO 17880 --- [restartedMain] .s.d.r.c.RepositoryConfigurationDelegate : Finished Spring Data repository scanning in 108 ms. Found 4 JPA repository interfaces.
2023-08-17 23:36:23.234  INFO 17880 --- [restartedMain] o.s.cloud.context.scope.GenericScope     : BeanFactory id=99b6149b-138b-34ec-80ef-e3338678ed3f
2023-08-17 23:36:25.292  INFO 17880 --- [restartedMain] o.s.b.w.embedded.tomcat.TomcatWebServer  : Tomcat initialized with port(s): 8080 (http)
2023-08-17 23:36:25.336  INFO 17880 --- [restartedMain] o.apache.catalina.core.StandardService   : Starting service [Tomcat]
2023-08-17 23:36:25.337  INFO 17880 --- [restartedMain] org.apache.catalina.core.StandardEngine  : Starting Servlet engine: [Apache Tomcat/9.0.78]
2023-08-17 23:36:25.808  INFO 17880 --- [restartedMain] o.a.c.c.C.[Tomcat].[localhost].[/]       : Initializing Spring embedded WebApplicationContext
2023-08-17 23:36:25.809  INFO 17880 --- [restartedMain] w.s.c.ServletWebServerApplicationContext : Root WebApplicationContext: initialization completed in 6285 ms
2023-08-17 23:36:26.632  INFO 17880 --- [restartedMain] com.zaxxer.hikari.HikariDataSource       : HikariPool-1 - Starting...
2023-08-17 23:36:26.947  INFO 17880 --- [restartedMain] com.zaxxer.hikari.HikariDataSource       : HikariPool-1 - Start completed.
2023-08-17 23:36:27.250  INFO 17880 --- [restartedMain] liquibase.database                       : Set default schema name to public
2023-08-17 23:36:27.465  INFO 17880 --- [restartedMain] liquibase.lockservice                    : Successfully acquired change log lock
2023-08-17 23:36:28.022  INFO 17880 --- [restartedMain] liquibase.changelog                      : Reading from public.databasechangelog
2023-08-17 23:36:28.148  INFO 17880 --- [restartedMain] liquibase.lockservice                    : Successfully released change log lock
2023-08-17 23:36:28.366  INFO 17880 --- [restartedMain] o.hibernate.jpa.internal.util.LogHelper  : HHH000204: Processing PersistenceUnitInfo [name: default]
2023-08-17 23:36:28.474  INFO 17880 --- [restartedMain] org.hibernate.Version                    : HHH000412: Hibernate ORM core version 5.6.15.Final
2023-08-17 23:36:28.720  INFO 17880 --- [restartedMain] o.hibernate.annotations.common.Version   : HCANN000001: Hibernate Commons Annotations {5.1.2.Final}
2023-08-17 23:36:28.918  INFO 17880 --- [restartedMain] org.hibernate.dialect.Dialect            : HHH000400: Using dialect: org.hibernate.dialect.PostgreSQL10Dialect
2023-08-17 23:36:29.957  INFO 17880 --- [restartedMain] o.h.e.t.j.p.i.JtaPlatformInitiator       : HHH000490: Using JtaPlatform implementation: [org.hibernate.engine.transaction.jta.platform.internal.NoJtaPlatform]
2023-08-17 23:36:29.968  INFO 17880 --- [restartedMain] j.LocalContainerEntityManagerFactoryBean : Initialized JPA EntityManagerFactory for persistence unit 'default'
2023-08-17 23:36:31.623  INFO 17880 --- [restartedMain] o.s.b.d.a.OptionalLiveReloadServer       : LiveReload server is running on port 35729
2023-08-17 23:36:32.365  INFO 17880 --- [restartedMain] o.s.s.web.DefaultSecurityFilterChain     : Will secure any request with [org.springframework.security.web.session.DisableEncodeUrlFilter@6ce7b604, org.springframework.security.web.context.request.async.WebAsyncManagerIntegrationFilter@77e92dd0, org.springframework.security.web.context.SecurityContextPersistenceFilter@536abd27, org.springframework.security.web.header.HeaderWriterFilter@41b56210, org.springframework.security.web.authentication.logout.LogoutFilter@1e95eefa, com.smartCode.ecommerce.util.jwt.JwtTokenFilter@5d396c74, org.springframework.security.web.savedrequest.RequestCacheAwareFilter@545a679d, org.springframework.security.web.servletapi.SecurityContextHolderAwareRequestFilter@52df6bb4, org.springframework.security.web.authentication.AnonymousAuthenticationFilter@334c38a2, org.springframework.security.web.session.SessionManagementFilter@5a014d81, org.springframework.security.web.access.ExceptionTranslationFilter@6fc4407b, org.springframework.security.web.access.intercept.AuthorizationFilter@44327b23]
2023-08-17 23:36:34.185  INFO 17880 --- [restartedMain] o.s.b.w.embedded.tomcat.TomcatWebServer  : Tomcat started on port(s): 8080 (http) with context path ''
2023-08-17 23:36:34.372  INFO 17880 --- [restartedMain] c.s.ecommerce.EcommerceApplication       : Started EcommerceApplication in 16.824 seconds (JVM running for 19.444)
2023-08-17 23:39:25.015  INFO 17880 --- [SpringApplicationShutdownHook] j.LocalContainerEntityManagerFactoryBean : Closing JPA EntityManagerFactory for persistence unit 'default'
2023-08-17 23:39:25.089  INFO 17880 --- [SpringApplicationShutdownHook] com.zaxxer.hikari.HikariDataSource       : HikariPool-1 - Shutdown initiated...
2023-08-17 23:39:25.155  INFO 17880 --- [SpringApplicationShutdownHook] com.zaxxer.hikari.HikariDataSource       : HikariPool-1 - Shutdown completed.
2023-08-17 23:58:36.859  INFO 14396 --- [restartedMain] c.s.ecommerce.EcommerceApplication       : Starting EcommerceApplication using Java 19.0.1 on Laptop-Narek with PID 14396 (C:\Users\user\Desktop\ecommerce\target\classes started by user in C:\Users\user\Desktop\ecommerce)
2023-08-17 23:58:36.862  INFO 14396 --- [restartedMain] c.s.ecommerce.EcommerceApplication       : No active profile set, falling back to 1 default profile: "default"
2023-08-17 23:58:36.954  INFO 14396 --- [restartedMain] .e.DevToolsPropertyDefaultsPostProcessor : Devtools property defaults active! Set 'spring.devtools.add-properties' to 'false' to disable
2023-08-17 23:58:36.954  INFO 14396 --- [restartedMain] .e.DevToolsPropertyDefaultsPostProcessor : For additional web related logging consider setting the 'logging.level.web' property to 'DEBUG'
2023-08-17 23:58:38.510  INFO 14396 --- [restartedMain] .s.d.r.c.RepositoryConfigurationDelegate : Bootstrapping Spring Data JPA repositories in DEFAULT mode.
2023-08-17 23:58:38.620  INFO 14396 --- [restartedMain] .s.d.r.c.RepositoryConfigurationDelegate : Finished Spring Data repository scanning in 100 ms. Found 4 JPA repository interfaces.
2023-08-17 23:58:39.061  INFO 14396 --- [restartedMain] o.s.cloud.context.scope.GenericScope     : BeanFactory id=dac0ae1e-e673-3ae8-a7ae-4f7c0031f67f
2023-08-17 23:58:40.293  INFO 14396 --- [restartedMain] o.s.b.w.embedded.tomcat.TomcatWebServer  : Tomcat initialized with port(s): 8080 (http)
2023-08-17 23:58:40.307  INFO 14396 --- [restartedMain] o.apache.catalina.core.StandardService   : Starting service [Tomcat]
2023-08-17 23:58:40.307  INFO 14396 --- [restartedMain] org.apache.catalina.core.StandardEngine  : Starting Servlet engine: [Apache Tomcat/9.0.78]
2023-08-17 23:58:40.426  INFO 14396 --- [restartedMain] o.a.c.c.C.[Tomcat].[localhost].[/]       : Initializing Spring embedded WebApplicationContext
2023-08-17 23:58:40.426  INFO 14396 --- [restartedMain] w.s.c.ServletWebServerApplicationContext : Root WebApplicationContext: initialization completed in 3470 ms
2023-08-17 23:58:41.002  INFO 14396 --- [restartedMain] com.zaxxer.hikari.HikariDataSource       : HikariPool-1 - Starting...
2023-08-17 23:58:41.299  INFO 14396 --- [restartedMain] com.zaxxer.hikari.HikariDataSource       : HikariPool-1 - Start completed.
2023-08-17 23:58:41.639  INFO 14396 --- [restartedMain] liquibase.database                       : Set default schema name to public
2023-08-17 23:58:41.853  INFO 14396 --- [restartedMain] liquibase.lockservice                    : Successfully acquired change log lock
2023-08-17 23:58:42.431  INFO 14396 --- [restartedMain] liquibase.changelog                      : Reading from public.databasechangelog
2023-08-17 23:58:42.557  INFO 14396 --- [restartedMain] liquibase.lockservice                    : Successfully released change log lock
2023-08-17 23:58:42.787  INFO 14396 --- [restartedMain] o.hibernate.jpa.internal.util.LogHelper  : HHH000204: Processing PersistenceUnitInfo [name: default]
2023-08-17 23:58:42.885  INFO 14396 --- [restartedMain] org.hibernate.Version                    : HHH000412: Hibernate ORM core version 5.6.15.Final
2023-08-17 23:58:43.123  INFO 14396 --- [restartedMain] o.hibernate.annotations.common.Version   : HCANN000001: Hibernate Commons Annotations {5.1.2.Final}
2023-08-17 23:58:43.308  INFO 14396 --- [restartedMain] org.hibernate.dialect.Dialect            : HHH000400: Using dialect: org.hibernate.dialect.PostgreSQL10Dialect
2023-08-17 23:58:44.245  INFO 14396 --- [restartedMain] o.h.e.t.j.p.i.JtaPlatformInitiator       : HHH000490: Using JtaPlatform implementation: [org.hibernate.engine.transaction.jta.platform.internal.NoJtaPlatform]
2023-08-17 23:58:44.258  INFO 14396 --- [restartedMain] j.LocalContainerEntityManagerFactoryBean : Initialized JPA EntityManagerFactory for persistence unit 'default'
2023-08-17 23:58:45.912  INFO 14396 --- [restartedMain] o.s.b.d.a.OptionalLiveReloadServer       : LiveReload server is running on port 35729
2023-08-17 23:58:46.352  WARN 14396 --- [restartedMain] ConfigServletWebServerApplicationContext : Exception encountered during context initialization - cancelling refresh attempt: org.springframework.beans.factory.UnsatisfiedDependencyException: Error creating bean with name 'producerService': Unsatisfied dependency expressed through field 'kafkaTemplate'; nested exception is org.springframework.beans.factory.NoSuchBeanDefinitionException: No qualifying bean of type 'org.springframework.kafka.core.KafkaTemplate<java.lang.String, java.lang.String>' available: expected at least 1 bean which qualifies as autowire candidate. Dependency annotations: {@org.springframework.beans.factory.annotation.Autowired(required=true)}
2023-08-17 23:58:46.356  INFO 14396 --- [restartedMain] j.LocalContainerEntityManagerFactoryBean : Closing JPA EntityManagerFactory for persistence unit 'default'
2023-08-17 23:58:46.360  INFO 14396 --- [restartedMain] com.zaxxer.hikari.HikariDataSource       : HikariPool-1 - Shutdown initiated...
2023-08-17 23:58:46.367  INFO 14396 --- [restartedMain] com.zaxxer.hikari.HikariDataSource       : HikariPool-1 - Shutdown completed.
2023-08-17 23:58:46.370  INFO 14396 --- [restartedMain] o.apache.catalina.core.StandardService   : Stopping service [Tomcat]
2023-08-17 23:58:46.386  INFO 14396 --- [restartedMain] ConditionEvaluationReportLoggingListener : 

Error starting ApplicationContext. To display the conditions report re-run your application with 'debug' enabled.
2023-08-17 23:58:46.421 ERROR 14396 --- [restartedMain] o.s.b.d.LoggingFailureAnalysisReporter   : 

***************************
APPLICATION FAILED TO START
***************************

Description:

Field kafkaTemplate in com.smartCode.ecommerce.service.producer.ProducerServiceActivity required a bean of type 'org.springframework.kafka.core.KafkaTemplate' that could not be found.

The injection point has the following annotations:
	- @org.springframework.beans.factory.annotation.Autowired(required=true)


Action:

Consider defining a bean of type 'org.springframework.kafka.core.KafkaTemplate' in your configuration.

